#
# There is insufficient memory for the Java Runtime Environment to continue.
# Native memory allocation (malloc) failed to allocate 1937600 bytes for Chunk::new
# Possible reasons:
#   The system is out of physical RAM or swap space
#   The process is running with CompressedOops enabled, and the Java Heap may be blocking the growth of the native heap
# Possible solutions:
#   Reduce memory load on the system
#   Increase physical memory or swap space
#   Check if swap backing store is full
#   Decrease Java heap size (-Xmx/-Xms)
#   Decrease number of Java threads
#   Decrease Java thread stack sizes (-Xss)
#   Set larger code cache with -XX:ReservedCodeCacheSize=
#   JVM is running with Unscaled Compressed Oops mode in which the Java heap is
#     placed in the first 4GB address space. The Java Heap base address is the
#     maximum limit for the native heap growth. Please use -XX:HeapBaseMinAddress
#     to set the Java Heap base and to place the Java Heap above 4GB virtual address.
# This output file may be truncated or incomplete.
#
#  Out of Memory Error (arena.cpp:195), pid=11348, tid=9828
#
# JRE version: Java(TM) SE Runtime Environment (16.0.1+9) (build 16.0.1+9-24)
# Java VM: Java HotSpot(TM) 64-Bit Server VM (16.0.1+9-24, mixed mode, sharing, tiered, compressed oops, compressed class ptrs, g1 gc, windows-amd64)
# No core dump will be written. Minidumps are not enabled by default on client versions of Windows
#

---------------  S U M M A R Y ------------

Command Line: -Dfile.encoding=UTF-8 -XX:+ShowCodeDetailsInExceptionMessages hrms.javaBackend.JavaBackendApplication

Host: Intel(R) Core(TM) i5-8250U CPU @ 1.60GHz, 8 cores, 3G,  Windows 10 , 64 bit Build 19041 (10.0.19041.1023)
Time: Wed Jul 14 12:48:01 2021 Türkiye Standart Saati elapsed time: 720.951378 seconds (0d 0h 12m 0s)

---------------  T H R E A D  ---------------

Current thread (0x00000286c84ba420):  JavaThread "C2 CompilerThread0" daemon [_thread_in_native, id=9828, stack(0x0000008fae400000,0x0000008fae500000)]


Current CompileTask:
C2: 720951 15645   !   4       org.springframework.web.servlet.DispatcherServlet::doDispatch (541 bytes)

Stack: [0x0000008fae400000,0x0000008fae500000]
Native frames: (J=compiled Java code, j=interpreted, Vv=VM code, C=native code)
V  [jvm.dll+0x6687ca]
V  [jvm.dll+0x7ca3c9]
V  [jvm.dll+0x7cbb53]
V  [jvm.dll+0x7cc1b3]
V  [jvm.dll+0x242ea5]
V  [jvm.dll+0xadeca]
V  [jvm.dll+0xae5ac]
V  [jvm.dll+0x35af27]
V  [jvm.dll+0x1b9f31]
V  [jvm.dll+0x216066]
V  [jvm.dll+0x215350]
V  [jvm.dll+0x1a1d9b]
V  [jvm.dll+0x2253a8]
V  [jvm.dll+0x2233ec]
V  [jvm.dll+0x780002]
V  [jvm.dll+0x779b4a]
V  [jvm.dll+0x667666]
C  [ucrtbase.dll+0x21bb2]
C  [KERNEL32.DLL+0x17034]
C  [ntdll.dll+0x52651]


---------------  P R O C E S S  ---------------

Threads class SMR info:
_java_thread_list=0x00000286ca33fc50, length=32, elements={
0x00000286ad052230, 0x00000286ad053370, 0x00000286ad065bd0, 0x00000286ad067be0,
0x00000286ad06a5f0, 0x00000286c84b5f90, 0x00000286c84ba420, 0x00000286c84baa70,
0x00000286c84c78b0, 0x00000286c905ec30, 0x00000286c9060a00, 0x00000286c9a48280,
0x00000286c9a48d20, 0x00000286c9a46d40, 0x00000286c9a462a0, 0x00000286c9a47290,
0x00000286cd07fe40, 0x00000286cd082370, 0x00000286cd084350, 0x00000286cd084df0,
0x00000286cd0808e0, 0x00000286cd080390, 0x00000286cd085340, 0x00000286cd07ee50,
0x00000286cd082e10, 0x00000286cd0828c0, 0x00000286cd0848a0, 0x00000286cd07f3a0,
0x00000286cd07f8f0, 0x00000286cd080e30, 0x00000286cd085de0, 0x00000286cd081380
}

Java Threads: ( => current thread )
  0x00000286ad052230 JavaThread "Reference Handler" daemon [_thread_blocked, id=11376, stack(0x0000008fade00000,0x0000008fadf00000)]
  0x00000286ad053370 JavaThread "Finalizer" daemon [_thread_blocked, id=8272, stack(0x0000008fadf00000,0x0000008fae000000)]
  0x00000286ad065bd0 JavaThread "Signal Dispatcher" daemon [_thread_blocked, id=11608, stack(0x0000008fae000000,0x0000008fae100000)]
  0x00000286ad067be0 JavaThread "Attach Listener" daemon [_thread_blocked, id=7064, stack(0x0000008fae100000,0x0000008fae200000)]
  0x00000286ad06a5f0 JavaThread "Service Thread" daemon [_thread_blocked, id=11452, stack(0x0000008fae200000,0x0000008fae300000)]
  0x00000286c84b5f90 JavaThread "Monitor Deflation Thread" daemon [_thread_blocked, id=7580, stack(0x0000008fae300000,0x0000008fae400000)]
=>0x00000286c84ba420 JavaThread "C2 CompilerThread0" daemon [_thread_in_native, id=9828, stack(0x0000008fae400000,0x0000008fae500000)]
  0x00000286c84baa70 JavaThread "C1 CompilerThread0" daemon [_thread_blocked, id=8276, stack(0x0000008fae500000,0x0000008fae600000)]
  0x00000286c84c78b0 JavaThread "Sweeper thread" daemon [_thread_blocked, id=2732, stack(0x0000008fae600000,0x0000008fae700000)]
  0x00000286c905ec30 JavaThread "Notification Thread" daemon [_thread_blocked, id=7436, stack(0x0000008fae700000,0x0000008fae800000)]
  0x00000286c9060a00 JavaThread "Common-Cleaner" daemon [_thread_blocked, id=4020, stack(0x0000008fae900000,0x0000008faea00000)]
  0x00000286c9a48280 JavaThread "Catalina-utility-1" [_thread_blocked, id=10824, stack(0x0000008faf500000,0x0000008faf600000)]
  0x00000286c9a48d20 JavaThread "Catalina-utility-2" [_thread_blocked, id=11252, stack(0x0000008faf600000,0x0000008faf700000)]
  0x00000286c9a46d40 JavaThread "container-0" [_thread_blocked, id=9848, stack(0x0000008faf700000,0x0000008faf800000)]
  0x00000286c9a462a0 JavaThread "PostgreSQL-JDBC-SharedTimer-1" daemon [_thread_blocked, id=9656, stack(0x0000008faf400000,0x0000008faf500000)]
  0x00000286c9a47290 JavaThread "HikariPool-1 housekeeper" daemon [_thread_blocked, id=8512, stack(0x0000008faf900000,0x0000008fafa00000)]
  0x00000286cd07fe40 JavaThread "Live Reload Server" daemon [_thread_in_native, id=3460, stack(0x0000008fafc00000,0x0000008fafd00000)]
  0x00000286cd082370 JavaThread "File Watcher" daemon [_thread_blocked, id=1988, stack(0x0000008fafa00000,0x0000008fafb00000)]
  0x00000286cd084350 JavaThread "http-nio-8080-BlockPoller" daemon [_thread_in_native, id=8900, stack(0x0000008fafb00000,0x0000008fafc00000)]
  0x00000286cd084df0 JavaThread "http-nio-8080-exec-1" daemon [_thread_blocked, id=6544, stack(0x0000008fafd00000,0x0000008fafe00000)]
  0x00000286cd0808e0 JavaThread "http-nio-8080-exec-2" daemon [_thread_blocked, id=1952, stack(0x0000008fafe00000,0x0000008faff00000)]
  0x00000286cd080390 JavaThread "http-nio-8080-exec-3" daemon [_thread_blocked, id=6412, stack(0x0000008faff00000,0x0000008fb0000000)]
  0x00000286cd085340 JavaThread "http-nio-8080-exec-4" daemon [_thread_blocked, id=10772, stack(0x0000008fb0000000,0x0000008fb0100000)]
  0x00000286cd07ee50 JavaThread "http-nio-8080-exec-5" daemon [_thread_blocked, id=9940, stack(0x0000008fb0100000,0x0000008fb0200000)]
  0x00000286cd082e10 JavaThread "http-nio-8080-exec-6" daemon [_thread_blocked, id=6352, stack(0x0000008fb0200000,0x0000008fb0300000)]
  0x00000286cd0828c0 JavaThread "http-nio-8080-exec-7" daemon [_thread_in_Java, id=11088, stack(0x0000008fb0300000,0x0000008fb0400000)]
  0x00000286cd0848a0 JavaThread "http-nio-8080-exec-8" daemon [_thread_blocked, id=8996, stack(0x0000008fb0400000,0x0000008fb0500000)]
  0x00000286cd07f3a0 JavaThread "http-nio-8080-exec-9" daemon [_thread_blocked, id=480, stack(0x0000008fb0500000,0x0000008fb0600000)]
  0x00000286cd07f8f0 JavaThread "http-nio-8080-exec-10" daemon [_thread_blocked, id=2000, stack(0x0000008fb0600000,0x0000008fb0700000)]
  0x00000286cd080e30 JavaThread "http-nio-8080-ClientPoller" daemon [_thread_in_native, id=11696, stack(0x0000008fb0700000,0x0000008fb0800000)]
  0x00000286cd085de0 JavaThread "http-nio-8080-Acceptor" daemon [_thread_in_native, id=4880, stack(0x0000008fb0800000,0x0000008fb0900000)]
  0x00000286cd081380 JavaThread "DestroyJavaVM" [_thread_blocked, id=2276, stack(0x0000008fad700000,0x0000008fad800000)]

Other Threads:
  0x00000286ad04d5d0 VMThread "VM Thread" [stack: 0x0000008fadd00000,0x0000008fade00000] [id=11656]
  0x00000286c9060570 WatcherThread [stack: 0x0000008fae800000,0x0000008fae900000] [id=7060]
  0x00000286acfc4810 GCTaskThread "GC Thread#0" [stack: 0x0000008fad800000,0x0000008fad900000] [id=5880]
  0x00000286c97eb130 GCTaskThread "GC Thread#1" [stack: 0x0000008faea00000,0x0000008faeb00000] [id=8620]
  0x00000286c970d3b0 GCTaskThread "GC Thread#2" [stack: 0x0000008faeb00000,0x0000008faec00000] [id=7600]
  0x00000286c9b1e7c0 GCTaskThread "GC Thread#3" [stack: 0x0000008faec00000,0x0000008faed00000] [id=3772]
  0x00000286c954ef50 GCTaskThread "GC Thread#4" [stack: 0x0000008faed00000,0x0000008faee00000] [id=2500]
  0x00000286c9984420 GCTaskThread "GC Thread#5" [stack: 0x0000008faee00000,0x0000008faef00000] [id=12176]
  0x00000286c996f470 GCTaskThread "GC Thread#6" [stack: 0x0000008faf100000,0x0000008faf200000] [id=5028]
  0x00000286c9cf3f10 GCTaskThread "GC Thread#7" [stack: 0x0000008faf300000,0x0000008faf400000] [id=6276]
  0x00000286acfcf210 ConcurrentGCThread "G1 Main Marker" [stack: 0x0000008fad900000,0x0000008fada00000] [id=6916]
  0x00000286acfd0c90 ConcurrentGCThread "G1 Conc#0" [stack: 0x0000008fada00000,0x0000008fadb00000] [id=6348]
  0x00000286cc84c970 ConcurrentGCThread "G1 Conc#1" [stack: 0x0000008faf200000,0x0000008faf300000] [id=2776]
  0x00000286ad022cb0 ConcurrentGCThread "G1 Refine#0" [stack: 0x0000008fadb00000,0x0000008fadc00000] [id=8104]
  0x00000286ca069e80 ConcurrentGCThread "G1 Refine#1" [stack: 0x0000008fad400000,0x0000008fad500000] [id=7804]
  0x00000286ca06a500 ConcurrentGCThread "G1 Refine#2" [stack: 0x0000008fad500000,0x0000008fad600000] [id=10696]
  0x00000286ca068b00 ConcurrentGCThread "G1 Refine#3" [stack: 0x0000008fad600000,0x0000008fad700000] [id=912]
  0x00000286cdb185d0 ConcurrentGCThread "G1 Refine#4" [stack: 0x0000008faef00000,0x0000008faf000000] [id=10332]
  0x00000286cdb17c10 ConcurrentGCThread "G1 Refine#5" [stack: 0x0000008faf000000,0x0000008faf100000] [id=6720]
  0x00000286cdb18910 ConcurrentGCThread "G1 Refine#6" [stack: 0x0000008fb0900000,0x0000008fb0a00000] [id=11996]
  0x00000286cdb18f90 ConcurrentGCThread "G1 Refine#7" [stack: 0x0000008fb0a00000,0x0000008fb0b00000] [id=1084]
  0x00000286ad023730 ConcurrentGCThread "G1 Service" [stack: 0x0000008fadc00000,0x0000008fadd00000] [id=8692]

Threads with active compile tasks:
C2 CompilerThread0   721090 15645   !   4       org.springframework.web.servlet.DispatcherServlet::doDispatch (541 bytes)

VM state: not at safepoint (normal execution)

VM Mutex/Monitor currently owned by a thread: None

Heap address: 0x00000000c9000000, size: 880 MB, Compressed Oops mode: 32-bit

CDS archive(s) mapped at: [0x0000000800000000-0x0000000800bb0000-0x0000000800bb0000), size 12255232, SharedBaseAddress: 0x0000000800000000, ArchiveRelocationMode: 0.
Compressed class space mapped at: 0x0000000800c00000-0x0000000840c00000, reserved size: 1073741824
Narrow klass base: 0x0000000800000000, Narrow klass shift: 3, Narrow klass range: 0x100000000

GC Precious Log:
 CPUs: 8 total, 8 available
 Memory: 3519M
 Large Page Support: Disabled
 NUMA Support: Disabled
 Compressed Oops: Enabled (32-bit)
 Heap Region Size: 1M
 Heap Min Capacity: 8M
 Heap Initial Capacity: 56M
 Heap Max Capacity: 880M
 Pre-touch: Disabled
 Parallel Workers: 8
 Concurrent Workers: 2
 Concurrent Refinement Workers: 8
 Periodic GC: Disabled

Heap:
 garbage-first heap   total 257024K, used 104048K [0x00000000c9000000, 0x0000000100000000)
  region size 1024K, 67 young (68608K), 1 survivors (1024K)
 Metaspace       used 72634K, committed 73280K, reserved 1114112K
  class space    used 8985K, committed 9280K, reserved 1048576K

Heap Regions: E=young(eden), S=young(survivor), O=old, HS=humongous(starts), HC=humongous(continues), CS=collection set, F=free, OA=open archive, CA=closed archive, TAMS=top-at-mark-start (previous, next)
|   0|0x00000000c9000000, 0x00000000c9100000, 0x00000000c9100000|100%|HS|  |TAMS 0x00000000c9100000, 0x00000000c9000000| Complete 
|   1|0x00000000c9100000, 0x00000000c9200000, 0x00000000c9200000|100%| O|  |TAMS 0x00000000c9200000, 0x00000000c9100000| Untracked 
|   2|0x00000000c9200000, 0x00000000c9300000, 0x00000000c9300000|100%| O|  |TAMS 0x00000000c9300000, 0x00000000c9200000| Untracked 
|   3|0x00000000c9300000, 0x00000000c9400000, 0x00000000c9400000|100%| O|  |TAMS 0x00000000c9400000, 0x00000000c9300000| Untracked 
|   4|0x00000000c9400000, 0x00000000c9500000, 0x00000000c9500000|100%| O|  |TAMS 0x00000000c9500000, 0x00000000c9400000| Untracked 
|   5|0x00000000c9500000, 0x00000000c9600000, 0x00000000c9600000|100%| O|  |TAMS 0x00000000c9600000, 0x00000000c9500000| Untracked 
|   6|0x00000000c9600000, 0x00000000c9700000, 0x00000000c9700000|100%| O|  |TAMS 0x00000000c9700000, 0x00000000c9600000| Untracked 
|   7|0x00000000c9700000, 0x00000000c9800000, 0x00000000c9800000|100%| O|  |TAMS 0x00000000c9800000, 0x00000000c9700000| Untracked 
|   8|0x00000000c9800000, 0x00000000c9900000, 0x00000000c9900000|100%| O|  |TAMS 0x00000000c988ce00, 0x00000000c9800000| Untracked 
|   9|0x00000000c9900000, 0x00000000c9a00000, 0x00000000c9a00000|100%| O|  |TAMS 0x00000000c9a00000, 0x00000000c9900000| Untracked 
|  10|0x00000000c9a00000, 0x00000000c9b00000, 0x00000000c9b00000|100%| O|  |TAMS 0x00000000c9b00000, 0x00000000c9a00000| Untracked 
|  11|0x00000000c9b00000, 0x00000000c9c00000, 0x00000000c9c00000|100%| O|  |TAMS 0x00000000c9b00000, 0x00000000c9b00000| Untracked 
|  12|0x00000000c9c00000, 0x00000000c9c6e600, 0x00000000c9d00000| 43%| O|  |TAMS 0x00000000c9c00000, 0x00000000c9c00000| Untracked 
|  13|0x00000000c9d00000, 0x00000000c9d00000, 0x00000000c9e00000|  0%| F|  |TAMS 0x00000000c9d00000, 0x00000000c9d00000| Untracked 
|  14|0x00000000c9e00000, 0x00000000c9f00000, 0x00000000c9f00000|100%| O|  |TAMS 0x00000000c9f00000, 0x00000000c9e00000| Untracked 
|  15|0x00000000c9f00000, 0x00000000c9f00000, 0x00000000ca000000|  0%| F|  |TAMS 0x00000000c9f00000, 0x00000000c9f00000| Untracked 
|  16|0x00000000ca000000, 0x00000000ca000000, 0x00000000ca100000|  0%| F|  |TAMS 0x00000000ca000000, 0x00000000ca000000| Untracked 
|  17|0x00000000ca100000, 0x00000000ca200000, 0x00000000ca200000|100%| O|  |TAMS 0x00000000ca200000, 0x00000000ca100000| Untracked 
|  18|0x00000000ca200000, 0x00000000ca300000, 0x00000000ca300000|100%| O|  |TAMS 0x00000000ca300000, 0x00000000ca200000| Untracked 
|  19|0x00000000ca300000, 0x00000000ca300000, 0x00000000ca400000|  0%| F|  |TAMS 0x00000000ca300000, 0x00000000ca300000| Untracked 
|  20|0x00000000ca400000, 0x00000000ca500000, 0x00000000ca500000|100%| O|  |TAMS 0x00000000ca500000, 0x00000000ca400000| Untracked 
|  21|0x00000000ca500000, 0x00000000ca600000, 0x00000000ca600000|100%| O|  |TAMS 0x00000000ca600000, 0x00000000ca500000| Untracked 
|  22|0x00000000ca600000, 0x00000000ca700000, 0x00000000ca700000|100%| O|  |TAMS 0x00000000ca700000, 0x00000000ca600000| Untracked 
|  23|0x00000000ca700000, 0x00000000ca800000, 0x00000000ca800000|100%| O|  |TAMS 0x00000000ca800000, 0x00000000ca700000| Untracked 
|  24|0x00000000ca800000, 0x00000000ca900000, 0x00000000ca900000|100%| O|  |TAMS 0x00000000ca900000, 0x00000000ca800000| Untracked 
|  25|0x00000000ca900000, 0x00000000caa00000, 0x00000000caa00000|100%| O|  |TAMS 0x00000000caa00000, 0x00000000ca900000| Untracked 
|  26|0x00000000caa00000, 0x00000000cab00000, 0x00000000cab00000|100%| O|  |TAMS 0x00000000cab00000, 0x00000000caa00000| Untracked 
|  27|0x00000000cab00000, 0x00000000cac00000, 0x00000000cac00000|100%| O|  |TAMS 0x00000000cac00000, 0x00000000cab00000| Untracked 
|  28|0x00000000cac00000, 0x00000000cac00000, 0x00000000cad00000|  0%| F|  |TAMS 0x00000000cac00000, 0x00000000cac00000| Untracked 
|  29|0x00000000cad00000, 0x00000000cae00000, 0x00000000cae00000|100%| O|  |TAMS 0x00000000cae00000, 0x00000000cad00000| Untracked 
|  30|0x00000000cae00000, 0x00000000caf00000, 0x00000000caf00000|100%| O|  |TAMS 0x00000000caf00000, 0x00000000cae00000| Untracked 
|  31|0x00000000caf00000, 0x00000000cb000000, 0x00000000cb000000|100%| O|  |TAMS 0x00000000cb000000, 0x00000000caf00000| Untracked 
|  32|0x00000000cb000000, 0x00000000cb100000, 0x00000000cb100000|100%| O|  |TAMS 0x00000000cb100000, 0x00000000cb000000| Untracked 
|  33|0x00000000cb100000, 0x00000000cb200000, 0x00000000cb200000|100%| O|  |TAMS 0x00000000cb200000, 0x00000000cb100000| Untracked 
|  34|0x00000000cb200000, 0x00000000cb300000, 0x00000000cb300000|100%| O|  |TAMS 0x00000000cb300000, 0x00000000cb200000| Untracked 
|  35|0x00000000cb300000, 0x00000000cb400000, 0x00000000cb400000|100%| O|  |TAMS 0x00000000cb400000, 0x00000000cb300000| Untracked 
|  36|0x00000000cb400000, 0x00000000cb500000, 0x00000000cb500000|100%| O|  |TAMS 0x00000000cb500000, 0x00000000cb400000| Untracked 
|  37|0x00000000cb500000, 0x00000000cb600000, 0x00000000cb600000|100%| O|  |TAMS 0x00000000cb600000, 0x00000000cb500000| Untracked 
|  38|0x00000000cb600000, 0x00000000cb700000, 0x00000000cb700000|100%| O|  |TAMS 0x00000000cb700000, 0x00000000cb600000| Untracked 
|  39|0x00000000cb700000, 0x00000000cb800000, 0x00000000cb800000|100%| O|  |TAMS 0x00000000cb800000, 0x00000000cb700000| Untracked 
|  40|0x00000000cb800000, 0x00000000cb900000, 0x00000000cb900000|100%| O|  |TAMS 0x00000000cb900000, 0x00000000cb800000| Untracked 
|  41|0x00000000cb900000, 0x00000000cba00000, 0x00000000cba00000|100%| O|  |TAMS 0x00000000cba00000, 0x00000000cb900000| Untracked 
|  42|0x00000000cba00000, 0x00000000cbb00000, 0x00000000cbb00000|100%| O|  |TAMS 0x00000000cbb00000, 0x00000000cba00000| Untracked 
|  43|0x00000000cbb00000, 0x00000000cbb00000, 0x00000000cbc00000|  0%| F|  |TAMS 0x00000000cbb00000, 0x00000000cbb00000| Untracked 
|  44|0x00000000cbc00000, 0x00000000cbc00000, 0x00000000cbd00000|  0%| F|  |TAMS 0x00000000cbc00000, 0x00000000cbc00000| Untracked 
|  45|0x00000000cbd00000, 0x00000000cbd00000, 0x00000000cbe00000|  0%| F|  |TAMS 0x00000000cbd00000, 0x00000000cbd00000| Untracked 
|  46|0x00000000cbe00000, 0x00000000cbe00000, 0x00000000cbf00000|  0%| F|  |TAMS 0x00000000cbe00000, 0x00000000cbe00000| Untracked 
|  47|0x00000000cbf00000, 0x00000000cbf00000, 0x00000000cc000000|  0%| F|  |TAMS 0x00000000cbf00000, 0x00000000cbf00000| Untracked 
|  48|0x00000000cc000000, 0x00000000cc000000, 0x00000000cc100000|  0%| F|  |TAMS 0x00000000cc000000, 0x00000000cc000000| Untracked 
|  49|0x00000000cc100000, 0x00000000cc100000, 0x00000000cc200000|  0%| F|  |TAMS 0x00000000cc100000, 0x00000000cc100000| Untracked 
|  50|0x00000000cc200000, 0x00000000cc200000, 0x00000000cc300000|  0%| F|  |TAMS 0x00000000cc200000, 0x00000000cc200000| Untracked 
|  51|0x00000000cc300000, 0x00000000cc300000, 0x00000000cc400000|  0%| F|  |TAMS 0x00000000cc300000, 0x00000000cc300000| Untracked 
|  52|0x00000000cc400000, 0x00000000cc400000, 0x00000000cc500000|  0%| F|  |TAMS 0x00000000cc400000, 0x00000000cc400000| Untracked 
|  53|0x00000000cc500000, 0x00000000cc500000, 0x00000000cc600000|  0%| F|  |TAMS 0x00000000cc500000, 0x00000000cc500000| Untracked 
|  54|0x00000000cc600000, 0x00000000cc600000, 0x00000000cc700000|  0%| F|  |TAMS 0x00000000cc600000, 0x00000000cc600000| Untracked 
|  55|0x00000000cc700000, 0x00000000cc700000, 0x00000000cc800000|  0%| F|  |TAMS 0x00000000cc700000, 0x00000000cc700000| Untracked 
|  56|0x00000000cc800000, 0x00000000cc800000, 0x00000000cc900000|  0%| F|  |TAMS 0x00000000cc800000, 0x00000000cc800000| Untracked 
|  57|0x00000000cc900000, 0x00000000cc900000, 0x00000000cca00000|  0%| F|  |TAMS 0x00000000cc900000, 0x00000000cc900000| Untracked 
|  58|0x00000000cca00000, 0x00000000cca00000, 0x00000000ccb00000|  0%| F|  |TAMS 0x00000000cca00000, 0x00000000cca00000| Untracked 
|  59|0x00000000ccb00000, 0x00000000ccb00000, 0x00000000ccc00000|  0%| F|  |TAMS 0x00000000ccb00000, 0x00000000ccb00000| Untracked 
|  60|0x00000000ccc00000, 0x00000000ccc00000, 0x00000000ccd00000|  0%| F|  |TAMS 0x00000000ccc00000, 0x00000000ccc00000| Untracked 
|  61|0x00000000ccd00000, 0x00000000ccd00000, 0x00000000cce00000|  0%| F|  |TAMS 0x00000000ccd00000, 0x00000000ccd00000| Untracked 
|  62|0x00000000cce00000, 0x00000000cce00000, 0x00000000ccf00000|  0%| F|  |TAMS 0x00000000cce00000, 0x00000000cce00000| Untracked 
|  63|0x00000000ccf00000, 0x00000000ccf00000, 0x00000000cd000000|  0%| F|  |TAMS 0x00000000ccf00000, 0x00000000ccf00000| Untracked 
|  64|0x00000000cd000000, 0x00000000cd000000, 0x00000000cd100000|  0%| F|  |TAMS 0x00000000cd000000, 0x00000000cd000000| Untracked 
|  65|0x00000000cd100000, 0x00000000cd100000, 0x00000000cd200000|  0%| F|  |TAMS 0x00000000cd100000, 0x00000000cd100000| Untracked 
|  66|0x00000000cd200000, 0x00000000cd200000, 0x00000000cd300000|  0%| F|  |TAMS 0x00000000cd200000, 0x00000000cd200000| Untracked 
|  67|0x00000000cd300000, 0x00000000cd300000, 0x00000000cd400000|  0%| F|  |TAMS 0x00000000cd300000, 0x00000000cd300000| Untracked 
|  68|0x00000000cd400000, 0x00000000cd400000, 0x00000000cd500000|  0%| F|  |TAMS 0x00000000cd400000, 0x00000000cd400000| Untracked 
|  69|0x00000000cd500000, 0x00000000cd500000, 0x00000000cd600000|  0%| F|  |TAMS 0x00000000cd500000, 0x00000000cd500000| Untracked 
|  70|0x00000000cd600000, 0x00000000cd600000, 0x00000000cd700000|  0%| F|  |TAMS 0x00000000cd600000, 0x00000000cd600000| Untracked 
|  71|0x00000000cd700000, 0x00000000cd700000, 0x00000000cd800000|  0%| F|  |TAMS 0x00000000cd700000, 0x00000000cd700000| Untracked 
|  72|0x00000000cd800000, 0x00000000cd800000, 0x00000000cd900000|  0%| F|  |TAMS 0x00000000cd800000, 0x00000000cd800000| Untracked 
|  73|0x00000000cd900000, 0x00000000cd900000, 0x00000000cda00000|  0%| F|  |TAMS 0x00000000cd900000, 0x00000000cd900000| Untracked 
|  74|0x00000000cda00000, 0x00000000cda00000, 0x00000000cdb00000|  0%| F|  |TAMS 0x00000000cda00000, 0x00000000cda00000| Untracked 
|  75|0x00000000cdb00000, 0x00000000cdb00000, 0x00000000cdc00000|  0%| F|  |TAMS 0x00000000cdb00000, 0x00000000cdb00000| Untracked 
|  76|0x00000000cdc00000, 0x00000000cdc00000, 0x00000000cdd00000|  0%| F|  |TAMS 0x00000000cdc00000, 0x00000000cdc00000| Untracked 
|  77|0x00000000cdd00000, 0x00000000cdd00000, 0x00000000cde00000|  0%| F|  |TAMS 0x00000000cdd00000, 0x00000000cdd00000| Untracked 
|  78|0x00000000cde00000, 0x00000000cde00000, 0x00000000cdf00000|  0%| F|  |TAMS 0x00000000cde00000, 0x00000000cde00000| Untracked 
|  79|0x00000000cdf00000, 0x00000000cdf00000, 0x00000000ce000000|  0%| F|  |TAMS 0x00000000cdf00000, 0x00000000cdf00000| Untracked 
|  80|0x00000000ce000000, 0x00000000ce000000, 0x00000000ce100000|  0%| F|  |TAMS 0x00000000ce000000, 0x00000000ce000000| Untracked 
|  81|0x00000000ce100000, 0x00000000ce100000, 0x00000000ce200000|  0%| F|  |TAMS 0x00000000ce100000, 0x00000000ce100000| Untracked 
|  82|0x00000000ce200000, 0x00000000ce200000, 0x00000000ce300000|  0%| F|  |TAMS 0x00000000ce200000, 0x00000000ce200000| Untracked 
|  83|0x00000000ce300000, 0x00000000ce300000, 0x00000000ce400000|  0%| F|  |TAMS 0x00000000ce300000, 0x00000000ce300000| Untracked 
|  84|0x00000000ce400000, 0x00000000ce400000, 0x00000000ce500000|  0%| F|  |TAMS 0x00000000ce400000, 0x00000000ce400000| Untracked 
|  85|0x00000000ce500000, 0x00000000ce500000, 0x00000000ce600000|  0%| F|  |TAMS 0x00000000ce500000, 0x00000000ce500000| Untracked 
|  86|0x00000000ce600000, 0x00000000ce600000, 0x00000000ce700000|  0%| F|  |TAMS 0x00000000ce600000, 0x00000000ce600000| Untracked 
|  87|0x00000000ce700000, 0x00000000ce700000, 0x00000000ce800000|  0%| F|  |TAMS 0x00000000ce700000, 0x00000000ce700000| Untracked 
|  88|0x00000000ce800000, 0x00000000ce800000, 0x00000000ce900000|  0%| F|  |TAMS 0x00000000ce800000, 0x00000000ce800000| Untracked 
|  89|0x00000000ce900000, 0x00000000ce900000, 0x00000000cea00000|  0%| F|  |TAMS 0x00000000ce900000, 0x00000000ce900000| Untracked 
|  90|0x00000000cea00000, 0x00000000cea00000, 0x00000000ceb00000|  0%| F|  |TAMS 0x00000000cea00000, 0x00000000cea00000| Untracked 
|  91|0x00000000ceb00000, 0x00000000ceb00000, 0x00000000cec00000|  0%| F|  |TAMS 0x00000000ceb00000, 0x00000000ceb00000| Untracked 
|  92|0x00000000cec00000, 0x00000000cec00000, 0x00000000ced00000|  0%| F|  |TAMS 0x00000000cec00000, 0x00000000cec00000| Untracked 
|  93|0x00000000ced00000, 0x00000000ced00000, 0x00000000cee00000|  0%| F|  |TAMS 0x00000000ced00000, 0x00000000ced00000| Untracked 
|  94|0x00000000cee00000, 0x00000000cee00000, 0x00000000cef00000|  0%| F|  |TAMS 0x00000000cee00000, 0x00000000cee00000| Untracked 
|  95|0x00000000cef00000, 0x00000000cef00000, 0x00000000cf000000|  0%| F|  |TAMS 0x00000000cef00000, 0x00000000cef00000| Untracked 
|  96|0x00000000cf000000, 0x00000000cf000000, 0x00000000cf100000|  0%| F|  |TAMS 0x00000000cf000000, 0x00000000cf000000| Untracked 
|  97|0x00000000cf100000, 0x00000000cf100000, 0x00000000cf200000|  0%| F|  |TAMS 0x00000000cf100000, 0x00000000cf100000| Untracked 
|  98|0x00000000cf200000, 0x00000000cf200000, 0x00000000cf300000|  0%| F|  |TAMS 0x00000000cf200000, 0x00000000cf200000| Untracked 
|  99|0x00000000cf300000, 0x00000000cf300000, 0x00000000cf400000|  0%| F|  |TAMS 0x00000000cf300000, 0x00000000cf300000| Untracked 
| 100|0x00000000cf400000, 0x00000000cf42dc98, 0x00000000cf500000| 17%| S|CS|TAMS 0x00000000cf400000, 0x00000000cf400000| Complete 
| 101|0x00000000cf500000, 0x00000000cf500000, 0x00000000cf600000|  0%| F|  |TAMS 0x00000000cf500000, 0x00000000cf500000| Untracked 
| 102|0x00000000cf600000, 0x00000000cf600000, 0x00000000cf700000|  0%| F|  |TAMS 0x00000000cf600000, 0x00000000cf600000| Untracked 
| 103|0x00000000cf700000, 0x00000000cf700000, 0x00000000cf800000|  0%| F|  |TAMS 0x00000000cf700000, 0x00000000cf700000| Untracked 
| 104|0x00000000cf800000, 0x00000000cf800000, 0x00000000cf900000|  0%| F|  |TAMS 0x00000000cf800000, 0x00000000cf800000| Untracked 
| 105|0x00000000cf900000, 0x00000000cf900000, 0x00000000cfa00000|  0%| F|  |TAMS 0x00000000cf900000, 0x00000000cf900000| Untracked 
| 106|0x00000000cfa00000, 0x00000000cfa00000, 0x00000000cfb00000|  0%| F|  |TAMS 0x00000000cfa00000, 0x00000000cfa00000| Untracked 
| 107|0x00000000cfb00000, 0x00000000cfb00000, 0x00000000cfc00000|  0%| F|  |TAMS 0x00000000cfb00000, 0x00000000cfb00000| Untracked 
| 108|0x00000000cfc00000, 0x00000000cfc00000, 0x00000000cfd00000|  0%| F|  |TAMS 0x00000000cfc00000, 0x00000000cfc00000| Untracked 
| 109|0x00000000cfd00000, 0x00000000cfd00000, 0x00000000cfe00000|  0%| F|  |TAMS 0x00000000cfd00000, 0x00000000cfd00000| Untracked 
| 110|0x00000000cfe00000, 0x00000000cfe00000, 0x00000000cff00000|  0%| F|  |TAMS 0x00000000cfe00000, 0x00000000cfe00000| Untracked 
| 111|0x00000000cff00000, 0x00000000cff00000, 0x00000000d0000000|  0%| F|  |TAMS 0x00000000cff00000, 0x00000000cff00000| Untracked 
| 112|0x00000000d0000000, 0x00000000d0000000, 0x00000000d0100000|  0%| F|  |TAMS 0x00000000d0000000, 0x00000000d0000000| Untracked 
| 113|0x00000000d0100000, 0x00000000d0100000, 0x00000000d0200000|  0%| F|  |TAMS 0x00000000d0100000, 0x00000000d0100000| Untracked 
| 114|0x00000000d0200000, 0x00000000d0200000, 0x00000000d0300000|  0%| F|  |TAMS 0x00000000d0200000, 0x00000000d0200000| Untracked 
| 115|0x00000000d0300000, 0x00000000d0300000, 0x00000000d0400000|  0%| F|  |TAMS 0x00000000d0300000, 0x00000000d0300000| Untracked 
| 116|0x00000000d0400000, 0x00000000d0400000, 0x00000000d0500000|  0%| F|  |TAMS 0x00000000d0400000, 0x00000000d0400000| Untracked 
| 117|0x00000000d0500000, 0x00000000d0500000, 0x00000000d0600000|  0%| F|  |TAMS 0x00000000d0500000, 0x00000000d0500000| Untracked 
| 118|0x00000000d0600000, 0x00000000d0600000, 0x00000000d0700000|  0%| F|  |TAMS 0x00000000d0600000, 0x00000000d0600000| Untracked 
| 119|0x00000000d0700000, 0x00000000d0700000, 0x00000000d0800000|  0%| F|  |TAMS 0x00000000d0700000, 0x00000000d0700000| Untracked 
| 120|0x00000000d0800000, 0x00000000d0800000, 0x00000000d0900000|  0%| F|  |TAMS 0x00000000d0800000, 0x00000000d0800000| Untracked 
| 121|0x00000000d0900000, 0x00000000d0900000, 0x00000000d0a00000|  0%| F|  |TAMS 0x00000000d0900000, 0x00000000d0900000| Untracked 
| 122|0x00000000d0a00000, 0x00000000d0a00000, 0x00000000d0b00000|  0%| F|  |TAMS 0x00000000d0a00000, 0x00000000d0a00000| Untracked 
| 123|0x00000000d0b00000, 0x00000000d0b00000, 0x00000000d0c00000|  0%| F|  |TAMS 0x00000000d0b00000, 0x00000000d0b00000| Untracked 
| 124|0x00000000d0c00000, 0x00000000d0c00000, 0x00000000d0d00000|  0%| F|  |TAMS 0x00000000d0c00000, 0x00000000d0c00000| Untracked 
| 125|0x00000000d0d00000, 0x00000000d0d00000, 0x00000000d0e00000|  0%| F|  |TAMS 0x00000000d0d00000, 0x00000000d0d00000| Untracked 
| 126|0x00000000d0e00000, 0x00000000d0e00000, 0x00000000d0f00000|  0%| F|  |TAMS 0x00000000d0e00000, 0x00000000d0e00000| Untracked 
| 127|0x00000000d0f00000, 0x00000000d0f00000, 0x00000000d1000000|  0%| F|  |TAMS 0x00000000d0f00000, 0x00000000d0f00000| Untracked 
| 128|0x00000000d1000000, 0x00000000d1000000, 0x00000000d1100000|  0%| F|  |TAMS 0x00000000d1000000, 0x00000000d1000000| Untracked 
| 129|0x00000000d1100000, 0x00000000d1100000, 0x00000000d1200000|  0%| F|  |TAMS 0x00000000d1100000, 0x00000000d1100000| Untracked 
| 130|0x00000000d1200000, 0x00000000d1200000, 0x00000000d1300000|  0%| F|  |TAMS 0x00000000d1200000, 0x00000000d1200000| Untracked 
| 131|0x00000000d1300000, 0x00000000d1300000, 0x00000000d1400000|  0%| F|  |TAMS 0x00000000d1300000, 0x00000000d1300000| Untracked 
| 132|0x00000000d1400000, 0x00000000d1400000, 0x00000000d1500000|  0%| F|  |TAMS 0x00000000d1400000, 0x00000000d1400000| Untracked 
| 133|0x00000000d1500000, 0x00000000d1500000, 0x00000000d1600000|  0%| F|  |TAMS 0x00000000d1500000, 0x00000000d1500000| Untracked 
| 134|0x00000000d1600000, 0x00000000d1600000, 0x00000000d1700000|  0%| F|  |TAMS 0x00000000d1600000, 0x00000000d1600000| Untracked 
| 135|0x00000000d1700000, 0x00000000d1700000, 0x00000000d1800000|  0%| F|  |TAMS 0x00000000d1700000, 0x00000000d1700000| Untracked 
| 136|0x00000000d1800000, 0x00000000d1800000, 0x00000000d1900000|  0%| F|  |TAMS 0x00000000d1800000, 0x00000000d1800000| Untracked 
| 137|0x00000000d1900000, 0x00000000d1900000, 0x00000000d1a00000|  0%| F|  |TAMS 0x00000000d1900000, 0x00000000d1900000| Untracked 
| 138|0x00000000d1a00000, 0x00000000d1a00000, 0x00000000d1b00000|  0%| F|  |TAMS 0x00000000d1a00000, 0x00000000d1a00000| Untracked 
| 139|0x00000000d1b00000, 0x00000000d1b00000, 0x00000000d1c00000|  0%| F|  |TAMS 0x00000000d1b00000, 0x00000000d1b00000| Untracked 
| 140|0x00000000d1c00000, 0x00000000d1c00000, 0x00000000d1d00000|  0%| F|  |TAMS 0x00000000d1c00000, 0x00000000d1c00000| Untracked 
| 141|0x00000000d1d00000, 0x00000000d1d00000, 0x00000000d1e00000|  0%| F|  |TAMS 0x00000000d1d00000, 0x00000000d1d00000| Untracked 
| 142|0x00000000d1e00000, 0x00000000d1e00000, 0x00000000d1f00000|  0%| F|  |TAMS 0x00000000d1e00000, 0x00000000d1e00000| Untracked 
| 143|0x00000000d1f00000, 0x00000000d1f00000, 0x00000000d2000000|  0%| F|  |TAMS 0x00000000d1f00000, 0x00000000d1f00000| Untracked 
| 144|0x00000000d2000000, 0x00000000d2000000, 0x00000000d2100000|  0%| F|  |TAMS 0x00000000d2000000, 0x00000000d2000000| Untracked 
| 145|0x00000000d2100000, 0x00000000d2100000, 0x00000000d2200000|  0%| F|  |TAMS 0x00000000d2100000, 0x00000000d2100000| Untracked 
| 146|0x00000000d2200000, 0x00000000d2200000, 0x00000000d2300000|  0%| F|  |TAMS 0x00000000d2200000, 0x00000000d2200000| Untracked 
| 147|0x00000000d2300000, 0x00000000d2300000, 0x00000000d2400000|  0%| F|  |TAMS 0x00000000d2300000, 0x00000000d2300000| Untracked 
| 148|0x00000000d2400000, 0x00000000d2400000, 0x00000000d2500000|  0%| F|  |TAMS 0x00000000d2400000, 0x00000000d2400000| Untracked 
| 149|0x00000000d2500000, 0x00000000d2500000, 0x00000000d2600000|  0%| F|  |TAMS 0x00000000d2500000, 0x00000000d2500000| Untracked 
| 150|0x00000000d2600000, 0x00000000d2600000, 0x00000000d2700000|  0%| F|  |TAMS 0x00000000d2600000, 0x00000000d2600000| Untracked 
| 151|0x00000000d2700000, 0x00000000d2700000, 0x00000000d2800000|  0%| F|  |TAMS 0x00000000d2700000, 0x00000000d2700000| Untracked 
| 152|0x00000000d2800000, 0x00000000d2800000, 0x00000000d2900000|  0%| F|  |TAMS 0x00000000d2800000, 0x00000000d2800000| Untracked 
| 153|0x00000000d2900000, 0x00000000d2900000, 0x00000000d2a00000|  0%| F|  |TAMS 0x00000000d2900000, 0x00000000d2900000| Untracked 
| 154|0x00000000d2a00000, 0x00000000d2a00000, 0x00000000d2b00000|  0%| F|  |TAMS 0x00000000d2a00000, 0x00000000d2a00000| Untracked 
| 155|0x00000000d2b00000, 0x00000000d2b00000, 0x00000000d2c00000|  0%| F|  |TAMS 0x00000000d2b00000, 0x00000000d2b00000| Untracked 
| 156|0x00000000d2c00000, 0x00000000d2c00000, 0x00000000d2d00000|  0%| F|  |TAMS 0x00000000d2c00000, 0x00000000d2c00000| Untracked 
| 157|0x00000000d2d00000, 0x00000000d2d00000, 0x00000000d2e00000|  0%| F|  |TAMS 0x00000000d2d00000, 0x00000000d2d00000| Untracked 
| 158|0x00000000d2e00000, 0x00000000d2e00000, 0x00000000d2f00000|  0%| F|  |TAMS 0x00000000d2e00000, 0x00000000d2e00000| Untracked 
| 159|0x00000000d2f00000, 0x00000000d2f00000, 0x00000000d3000000|  0%| F|  |TAMS 0x00000000d2f00000, 0x00000000d2f00000| Untracked 
| 160|0x00000000d3000000, 0x00000000d3000000, 0x00000000d3100000|  0%| F|  |TAMS 0x00000000d3000000, 0x00000000d3000000| Untracked 
| 161|0x00000000d3100000, 0x00000000d3100000, 0x00000000d3200000|  0%| F|  |TAMS 0x00000000d3100000, 0x00000000d3100000| Untracked 
| 162|0x00000000d3200000, 0x00000000d3200000, 0x00000000d3300000|  0%| F|  |TAMS 0x00000000d3200000, 0x00000000d3200000| Untracked 
| 163|0x00000000d3300000, 0x00000000d3300000, 0x00000000d3400000|  0%| F|  |TAMS 0x00000000d3300000, 0x00000000d3300000| Untracked 
| 164|0x00000000d3400000, 0x00000000d3400000, 0x00000000d3500000|  0%| F|  |TAMS 0x00000000d3400000, 0x00000000d3400000| Untracked 
| 165|0x00000000d3500000, 0x00000000d3500000, 0x00000000d3600000|  0%| F|  |TAMS 0x00000000d3500000, 0x00000000d3500000| Untracked 
| 166|0x00000000d3600000, 0x00000000d3600000, 0x00000000d3700000|  0%| F|  |TAMS 0x00000000d3600000, 0x00000000d3600000| Untracked 
| 167|0x00000000d3700000, 0x00000000d3700000, 0x00000000d3800000|  0%| F|  |TAMS 0x00000000d3700000, 0x00000000d3700000| Untracked 
| 168|0x00000000d3800000, 0x00000000d3800000, 0x00000000d3900000|  0%| F|  |TAMS 0x00000000d3800000, 0x00000000d3800000| Untracked 
| 169|0x00000000d3900000, 0x00000000d3900000, 0x00000000d3a00000|  0%| F|  |TAMS 0x00000000d3900000, 0x00000000d3900000| Untracked 
| 170|0x00000000d3a00000, 0x00000000d3a00000, 0x00000000d3b00000|  0%| F|  |TAMS 0x00000000d3a00000, 0x00000000d3a00000| Untracked 
| 171|0x00000000d3b00000, 0x00000000d3b00000, 0x00000000d3c00000|  0%| F|  |TAMS 0x00000000d3b00000, 0x00000000d3b00000| Untracked 
| 172|0x00000000d3c00000, 0x00000000d3c00000, 0x00000000d3d00000|  0%| F|  |TAMS 0x00000000d3c00000, 0x00000000d3c00000| Untracked 
| 173|0x00000000d3d00000, 0x00000000d3d00000, 0x00000000d3e00000|  0%| F|  |TAMS 0x00000000d3d00000, 0x00000000d3d00000| Untracked 
| 174|0x00000000d3e00000, 0x00000000d3e00000, 0x00000000d3f00000|  0%| F|  |TAMS 0x00000000d3e00000, 0x00000000d3e00000| Untracked 
| 175|0x00000000d3f00000, 0x00000000d3f00000, 0x00000000d4000000|  0%| F|  |TAMS 0x00000000d3f00000, 0x00000000d3f00000| Untracked 
| 176|0x00000000d4000000, 0x00000000d4000000, 0x00000000d4100000|  0%| F|  |TAMS 0x00000000d4000000, 0x00000000d4000000| Untracked 
| 177|0x00000000d4100000, 0x00000000d4100000, 0x00000000d4200000|  0%| F|  |TAMS 0x00000000d4100000, 0x00000000d4100000| Untracked 
| 178|0x00000000d4200000, 0x00000000d4200000, 0x00000000d4300000|  0%| F|  |TAMS 0x00000000d4200000, 0x00000000d4200000| Untracked 
| 179|0x00000000d4300000, 0x00000000d4300000, 0x00000000d4400000|  0%| F|  |TAMS 0x00000000d4300000, 0x00000000d4300000| Untracked 
| 180|0x00000000d4400000, 0x00000000d4400000, 0x00000000d4500000|  0%| F|  |TAMS 0x00000000d4400000, 0x00000000d4400000| Untracked 
| 181|0x00000000d4500000, 0x00000000d4500000, 0x00000000d4600000|  0%| F|  |TAMS 0x00000000d4500000, 0x00000000d4500000| Untracked 
| 182|0x00000000d4600000, 0x00000000d4600000, 0x00000000d4700000|  0%| F|  |TAMS 0x00000000d4600000, 0x00000000d4600000| Untracked 
| 183|0x00000000d4700000, 0x00000000d4700000, 0x00000000d4800000|  0%| F|  |TAMS 0x00000000d4700000, 0x00000000d4700000| Untracked 
| 184|0x00000000d4800000, 0x00000000d4848e38, 0x00000000d4900000| 28%| E|  |TAMS 0x00000000d4800000, 0x00000000d4800000| Complete 
| 185|0x00000000d4900000, 0x00000000d4a00000, 0x00000000d4a00000|100%| E|CS|TAMS 0x00000000d4900000, 0x00000000d4900000| Complete 
| 186|0x00000000d4a00000, 0x00000000d4b00000, 0x00000000d4b00000|100%| E|CS|TAMS 0x00000000d4a00000, 0x00000000d4a00000| Complete 
| 187|0x00000000d4b00000, 0x00000000d4c00000, 0x00000000d4c00000|100%| E|CS|TAMS 0x00000000d4b00000, 0x00000000d4b00000| Complete 
| 188|0x00000000d4c00000, 0x00000000d4d00000, 0x00000000d4d00000|100%| E|CS|TAMS 0x00000000d4c00000, 0x00000000d4c00000| Complete 
| 189|0x00000000d4d00000, 0x00000000d4e00000, 0x00000000d4e00000|100%| E|CS|TAMS 0x00000000d4d00000, 0x00000000d4d00000| Complete 
| 190|0x00000000d4e00000, 0x00000000d4f00000, 0x00000000d4f00000|100%| E|CS|TAMS 0x00000000d4e00000, 0x00000000d4e00000| Complete 
| 191|0x00000000d4f00000, 0x00000000d5000000, 0x00000000d5000000|100%| E|CS|TAMS 0x00000000d4f00000, 0x00000000d4f00000| Complete 
| 192|0x00000000d5000000, 0x00000000d5100000, 0x00000000d5100000|100%| E|CS|TAMS 0x00000000d5000000, 0x00000000d5000000| Complete 
| 193|0x00000000d5100000, 0x00000000d5200000, 0x00000000d5200000|100%| E|CS|TAMS 0x00000000d5100000, 0x00000000d5100000| Complete 
| 194|0x00000000d5200000, 0x00000000d5300000, 0x00000000d5300000|100%| E|CS|TAMS 0x00000000d5200000, 0x00000000d5200000| Complete 
| 195|0x00000000d5300000, 0x00000000d5400000, 0x00000000d5400000|100%| E|CS|TAMS 0x00000000d5300000, 0x00000000d5300000| Complete 
| 196|0x00000000d5400000, 0x00000000d5500000, 0x00000000d5500000|100%| E|CS|TAMS 0x00000000d5400000, 0x00000000d5400000| Complete 
| 197|0x00000000d5500000, 0x00000000d5600000, 0x00000000d5600000|100%| E|CS|TAMS 0x00000000d5500000, 0x00000000d5500000| Complete 
| 198|0x00000000d5600000, 0x00000000d5700000, 0x00000000d5700000|100%| E|CS|TAMS 0x00000000d5600000, 0x00000000d5600000| Complete 
| 199|0x00000000d5700000, 0x00000000d5800000, 0x00000000d5800000|100%| E|CS|TAMS 0x00000000d5700000, 0x00000000d5700000| Complete 
| 200|0x00000000d5800000, 0x00000000d5900000, 0x00000000d5900000|100%| E|CS|TAMS 0x00000000d5800000, 0x00000000d5800000| Complete 
| 201|0x00000000d5900000, 0x00000000d5a00000, 0x00000000d5a00000|100%| E|CS|TAMS 0x00000000d5900000, 0x00000000d5900000| Complete 
| 202|0x00000000d5a00000, 0x00000000d5b00000, 0x00000000d5b00000|100%| E|CS|TAMS 0x00000000d5a00000, 0x00000000d5a00000| Complete 
| 203|0x00000000d5b00000, 0x00000000d5c00000, 0x00000000d5c00000|100%| E|CS|TAMS 0x00000000d5b00000, 0x00000000d5b00000| Complete 
| 204|0x00000000d5c00000, 0x00000000d5d00000, 0x00000000d5d00000|100%| E|CS|TAMS 0x00000000d5c00000, 0x00000000d5c00000| Complete 
| 205|0x00000000d5d00000, 0x00000000d5e00000, 0x00000000d5e00000|100%| E|CS|TAMS 0x00000000d5d00000, 0x00000000d5d00000| Complete 
| 206|0x00000000d5e00000, 0x00000000d5f00000, 0x00000000d5f00000|100%| E|CS|TAMS 0x00000000d5e00000, 0x00000000d5e00000| Complete 
| 207|0x00000000d5f00000, 0x00000000d6000000, 0x00000000d6000000|100%| E|CS|TAMS 0x00000000d5f00000, 0x00000000d5f00000| Complete 
| 208|0x00000000d6000000, 0x00000000d6100000, 0x00000000d6100000|100%| E|CS|TAMS 0x00000000d6000000, 0x00000000d6000000| Complete 
| 209|0x00000000d6100000, 0x00000000d6200000, 0x00000000d6200000|100%| E|CS|TAMS 0x00000000d6100000, 0x00000000d6100000| Complete 
| 210|0x00000000d6200000, 0x00000000d6300000, 0x00000000d6300000|100%| E|CS|TAMS 0x00000000d6200000, 0x00000000d6200000| Complete 
| 211|0x00000000d6300000, 0x00000000d6400000, 0x00000000d6400000|100%| E|CS|TAMS 0x00000000d6300000, 0x00000000d6300000| Complete 
| 212|0x00000000d6400000, 0x00000000d6500000, 0x00000000d6500000|100%| E|CS|TAMS 0x00000000d6400000, 0x00000000d6400000| Complete 
| 213|0x00000000d6500000, 0x00000000d6600000, 0x00000000d6600000|100%| E|CS|TAMS 0x00000000d6500000, 0x00000000d6500000| Complete 
| 214|0x00000000d6600000, 0x00000000d6700000, 0x00000000d6700000|100%| E|CS|TAMS 0x00000000d6600000, 0x00000000d6600000| Complete 
| 215|0x00000000d6700000, 0x00000000d6800000, 0x00000000d6800000|100%| E|CS|TAMS 0x00000000d6700000, 0x00000000d6700000| Complete 
| 216|0x00000000d6800000, 0x00000000d6900000, 0x00000000d6900000|100%| E|CS|TAMS 0x00000000d6800000, 0x00000000d6800000| Complete 
| 217|0x00000000d6900000, 0x00000000d6a00000, 0x00000000d6a00000|100%| E|CS|TAMS 0x00000000d6900000, 0x00000000d6900000| Complete 
| 218|0x00000000d6a00000, 0x00000000d6b00000, 0x00000000d6b00000|100%| E|CS|TAMS 0x00000000d6a00000, 0x00000000d6a00000| Complete 
| 219|0x00000000d6b00000, 0x00000000d6c00000, 0x00000000d6c00000|100%| E|CS|TAMS 0x00000000d6b00000, 0x00000000d6b00000| Complete 
| 220|0x00000000d6c00000, 0x00000000d6d00000, 0x00000000d6d00000|100%| E|CS|TAMS 0x00000000d6c00000, 0x00000000d6c00000| Complete 
| 221|0x00000000d6d00000, 0x00000000d6e00000, 0x00000000d6e00000|100%| E|CS|TAMS 0x00000000d6d00000, 0x00000000d6d00000| Complete 
| 222|0x00000000d6e00000, 0x00000000d6f00000, 0x00000000d6f00000|100%| E|CS|TAMS 0x00000000d6e00000, 0x00000000d6e00000| Complete 
| 223|0x00000000d6f00000, 0x00000000d7000000, 0x00000000d7000000|100%| E|CS|TAMS 0x00000000d6f00000, 0x00000000d6f00000| Complete 
| 224|0x00000000d7000000, 0x00000000d7100000, 0x00000000d7100000|100%| E|CS|TAMS 0x00000000d7000000, 0x00000000d7000000| Complete 
| 225|0x00000000d7100000, 0x00000000d7200000, 0x00000000d7200000|100%| E|CS|TAMS 0x00000000d7100000, 0x00000000d7100000| Complete 
| 226|0x00000000d7200000, 0x00000000d7300000, 0x00000000d7300000|100%| E|CS|TAMS 0x00000000d7200000, 0x00000000d7200000| Complete 
| 227|0x00000000d7300000, 0x00000000d7400000, 0x00000000d7400000|100%| E|CS|TAMS 0x00000000d7300000, 0x00000000d7300000| Complete 
| 228|0x00000000d7400000, 0x00000000d7500000, 0x00000000d7500000|100%| E|CS|TAMS 0x00000000d7400000, 0x00000000d7400000| Complete 
| 229|0x00000000d7500000, 0x00000000d7600000, 0x00000000d7600000|100%| E|CS|TAMS 0x00000000d7500000, 0x00000000d7500000| Complete 
| 230|0x00000000d7600000, 0x00000000d7700000, 0x00000000d7700000|100%| E|CS|TAMS 0x00000000d7600000, 0x00000000d7600000| Complete 
| 231|0x00000000d7700000, 0x00000000d7800000, 0x00000000d7800000|100%| E|  |TAMS 0x00000000d7700000, 0x00000000d7700000| Complete 
| 232|0x00000000d7800000, 0x00000000d7900000, 0x00000000d7900000|100%| E|CS|TAMS 0x00000000d7800000, 0x00000000d7800000| Complete 
| 233|0x00000000d7900000, 0x00000000d7a00000, 0x00000000d7a00000|100%| E|CS|TAMS 0x00000000d7900000, 0x00000000d7900000| Complete 
| 234|0x00000000d7a00000, 0x00000000d7b00000, 0x00000000d7b00000|100%| E|CS|TAMS 0x00000000d7a00000, 0x00000000d7a00000| Complete 
| 235|0x00000000d7b00000, 0x00000000d7c00000, 0x00000000d7c00000|100%| E|CS|TAMS 0x00000000d7b00000, 0x00000000d7b00000| Complete 
| 236|0x00000000d7c00000, 0x00000000d7d00000, 0x00000000d7d00000|100%| E|CS|TAMS 0x00000000d7c00000, 0x00000000d7c00000| Complete 
| 237|0x00000000d7d00000, 0x00000000d7e00000, 0x00000000d7e00000|100%| E|CS|TAMS 0x00000000d7d00000, 0x00000000d7d00000| Complete 
| 238|0x00000000d7e00000, 0x00000000d7f00000, 0x00000000d7f00000|100%| E|CS|TAMS 0x00000000d7e00000, 0x00000000d7e00000| Complete 
| 239|0x00000000d7f00000, 0x00000000d8000000, 0x00000000d8000000|100%| E|CS|TAMS 0x00000000d7f00000, 0x00000000d7f00000| Complete 
| 240|0x00000000d8000000, 0x00000000d8100000, 0x00000000d8100000|100%| E|CS|TAMS 0x00000000d8000000, 0x00000000d8000000| Complete 
| 241|0x00000000d8100000, 0x00000000d8200000, 0x00000000d8200000|100%| E|CS|TAMS 0x00000000d8100000, 0x00000000d8100000| Complete 
| 242|0x00000000d8200000, 0x00000000d8300000, 0x00000000d8300000|100%| E|CS|TAMS 0x00000000d8200000, 0x00000000d8200000| Complete 
| 243|0x00000000d8300000, 0x00000000d8400000, 0x00000000d8400000|100%| E|CS|TAMS 0x00000000d8300000, 0x00000000d8300000| Complete 
| 244|0x00000000d8400000, 0x00000000d8500000, 0x00000000d8500000|100%| E|CS|TAMS 0x00000000d8400000, 0x00000000d8400000| Complete 
| 245|0x00000000d8500000, 0x00000000d8600000, 0x00000000d8600000|100%| E|CS|TAMS 0x00000000d8500000, 0x00000000d8500000| Complete 
| 246|0x00000000d8600000, 0x00000000d8700000, 0x00000000d8700000|100%| E|CS|TAMS 0x00000000d8600000, 0x00000000d8600000| Complete 
| 247|0x00000000d8700000, 0x00000000d8800000, 0x00000000d8800000|100%| E|CS|TAMS 0x00000000d8700000, 0x00000000d8700000| Complete 
| 248|0x00000000d8800000, 0x00000000d8900000, 0x00000000d8900000|100%| E|CS|TAMS 0x00000000d8800000, 0x00000000d8800000| Complete 
| 249|0x00000000d8900000, 0x00000000d8a00000, 0x00000000d8a00000|100%| E|CS|TAMS 0x00000000d8900000, 0x00000000d8900000| Complete 
| 250|0x00000000d8a00000, 0x00000000d8b00000, 0x00000000d8b00000|100%| E|CS|TAMS 0x00000000d8a00000, 0x00000000d8a00000| Complete 

Card table byte_map: [0x00000286c3c00000,0x00000286c3dc0000] _byte_map_base: 0x00000286c35b8000

Marking Bits (Prev, Next): (CMBitMap*) 0x00000286acfc72a0, (CMBitMap*) 0x00000286acfc72e0
 Prev Bits: [0x00000286c3f80000, 0x00000286c4d40000)
 Next Bits: [0x00000286c4d40000, 0x00000286c5b00000)

Polling page: 0x00000286aae90000

Metaspace:

Usage:
  Non-class:     62.16 MB used.
      Class:      8.77 MB used.
       Both:     70.93 MB used.

Virtual space:
  Non-class space:       64.00 MB reserved,      62.50 MB ( 98%) committed,  8 nodes.
      Class space:        1.00 GB reserved,       9.06 MB ( <1%) committed,  1 nodes.
              Both:        1.06 GB reserved,      71.56 MB (  7%) committed. 

Chunk freelists:
   Non-Class:  1.35 MB
       Class:  2.83 MB
        Both:  4.18 MB

MaxMetaspaceSize: 17179869184.00 GB
CompressedClassSpaceSize: 1.00 GB
 - commit_granule_bytes: 65536.
 - commit_granule_words: 8192.
 - virtual_space_node_default_size: 1048576.
 - enlarge_chunks_in_place: 1.
 - new_chunks_are_fully_committed: 0.
 - uncommit_free_chunks: 1.
 - use_allocation_guard: 0.
 - handle_deallocations: 1.


Internal statistics:

num_allocs_failed_limit: 9.
num_arena_births: 1036.
num_arena_deaths: 0.
num_vsnodes_births: 9.
num_vsnodes_deaths: 0.
num_space_committed: 1145.
num_space_uncommitted: 0.
num_chunks_returned_to_freelist: 9.
num_chunks_taken_from_freelist: 3936.
num_chunk_merges: 9.
num_chunk_splits: 2610.
num_chunks_enlarged: 1749.
num_purges: 0.

CodeHeap 'non-profiled nmethods': size=120000Kb used=10695Kb max_used=10695Kb free=109304Kb
 bounds [0x00000286bc1e0000, 0x00000286bcc60000, 0x00000286c3710000]
CodeHeap 'profiled nmethods': size=120000Kb used=24110Kb max_used=24726Kb free=95889Kb
 bounds [0x00000286b4cb0000, 0x00000286b64f0000, 0x00000286bc1e0000]
CodeHeap 'non-nmethods': size=5760Kb used=1337Kb max_used=1448Kb free=4422Kb
 bounds [0x00000286b4710000, 0x00000286b4980000, 0x00000286b4cb0000]
 total_blobs=13629 nmethods=12970 adapters=570
 compilation: enabled
              stopped_count=0, restarted_count=0
 full_count=0

Compilation events (20 events):
Event: 719.349 Thread 0x00000286c84baa70 15638       3       org.springframework.web.context.request.ServletWebRequest::checkNotModified (7 bytes)
Event: 719.350 Thread 0x00000286c84baa70 nmethod 15638 0x00000286b5274b10 code [0x00000286b5274cc0, 0x00000286b5274ea8]
Event: 719.378 Thread 0x00000286c84ba420 nmethod 15637 0x00000286bcc4cd90 code [0x00000286bcc4cf80, 0x00000286bcc4dce8]
Event: 719.540 Thread 0x00000286c84baa70 15639   !   3       sun.net.www.protocol.jar.JarURLConnection::connect (163 bytes)
Event: 719.548 Thread 0x00000286c84baa70 nmethod 15639 0x00000286b4eaf390 code [0x00000286b4eaf6e0, 0x00000286b4eb0aa8]
Event: 719.721 Thread 0x00000286c84ba420 15640       4       org.springframework.http.MediaType$1::compareParameters (13 bytes)
Event: 719.751 Thread 0x00000286c84ba420 nmethod 15640 0x00000286bcc4e410 code [0x00000286bcc4e660, 0x00000286bcc4ed90]
Event: 719.751 Thread 0x00000286c84ba420 15641       4       org.springframework.http.MediaType$1::compareParameters (34 bytes)
Event: 719.775 Thread 0x00000286c84ba420 nmethod 15641 0x00000286bcc4f710 code [0x00000286bcc4f960, 0x00000286bcc50070]
Event: 719.775 Thread 0x00000286c84ba420 15642       4       org.springframework.web.method.HandlerMethod$HandlerMethodParameter::hasMethodAnnotation (9 bytes)
Event: 719.776 Thread 0x00000286c84ba420 nmethod 15642 0x00000286bcc50990 code [0x00000286bcc50b20, 0x00000286bcc50c08]
Event: 719.866 Thread 0x00000286c84ba420 15643       4       org.springframework.core.SerializableTypeWrapper$MethodInvokeTypeProvider::getType (58 bytes)
Event: 719.893 Thread 0x00000286c84ba420 nmethod 15643 0x00000286bcc50d10 code [0x00000286bcc50f00, 0x00000286bcc51760]
Event: 719.893 Thread 0x00000286c84baa70 15644       3       java.util.concurrent.locks.ReentrantLock$Sync::tryLock (63 bytes)
Event: 719.894 Thread 0x00000286c84baa70 nmethod 15644 0x00000286b4eaec10 code [0x00000286b4eaee00, 0x00000286b4eaf258]
Event: 719.927 Thread 0x00000286c84ba420 15645   !   4       org.springframework.web.servlet.DispatcherServlet::doDispatch (541 bytes)
Event: 719.954 Thread 0x00000286c84baa70 15646       1       org.apache.coyote.http11.AbstractHttp11Protocol::getUseKeepAliveResponseHeader (5 bytes)
Event: 719.955 Thread 0x00000286c84baa70 nmethod 15646 0x00000286bcc51c10 code [0x00000286bcc51da0, 0x00000286bcc51e78]
Event: 720.557 Thread 0x00000286c84baa70 15651   !   3       org.apache.coyote.http11.Http11Processor::prepareResponse (871 bytes)
Event: 720.579 Thread 0x00000286c84baa70 nmethod 15651 0x00000286b5ae4a90 code [0x00000286b5ae5320, 0x00000286b5ae9718]

GC Heap History (20 events):
Event: 672.109 GC heap before
{Heap before GC invocations=64 (full 0):
 garbage-first heap   total 78848K, used 64974K [0x00000000c9000000, 0x0000000100000000)
  region size 1024K, 30 young (30720K), 3 survivors (3072K)
 Metaspace       used 72575K, committed 73216K, reserved 1114112K
  class space    used 8977K, committed 9280K, reserved 1048576K
}
Event: 672.115 GC heap after
{Heap after GC invocations=65 (full 0):
 garbage-first heap   total 78848K, used 38348K [0x00000000c9000000, 0x0000000100000000)
  region size 1024K, 3 young (3072K), 3 survivors (3072K)
 Metaspace       used 72575K, committed 73216K, reserved 1114112K
  class space    used 8977K, committed 9280K, reserved 1048576K
}
Event: 672.959 GC heap before
{Heap before GC invocations=65 (full 0):
 garbage-first heap   total 78848K, used 65996K [0x00000000c9000000, 0x0000000100000000)
  region size 1024K, 30 young (30720K), 3 survivors (3072K)
 Metaspace       used 72575K, committed 73216K, reserved 1114112K
  class space    used 8977K, committed 9280K, reserved 1048576K
}
Event: 672.963 GC heap after
{Heap after GC invocations=66 (full 0):
 garbage-first heap   total 78848K, used 38317K [0x00000000c9000000, 0x0000000100000000)
  region size 1024K, 3 young (3072K), 3 survivors (3072K)
 Metaspace       used 72575K, committed 73216K, reserved 1114112K
  class space    used 8977K, committed 9280K, reserved 1048576K
}
Event: 673.945 GC heap before
{Heap before GC invocations=67 (full 0):
 garbage-first heap   total 78848K, used 64941K [0x00000000c9000000, 0x0000000100000000)
  region size 1024K, 30 young (30720K), 3 survivors (3072K)
 Metaspace       used 72575K, committed 73216K, reserved 1114112K
  class space    used 8977K, committed 9280K, reserved 1048576K
}
Event: 673.948 GC heap after
{Heap after GC invocations=68 (full 0):
 garbage-first heap   total 78848K, used 38425K [0x00000000c9000000, 0x0000000100000000)
  region size 1024K, 3 young (3072K), 3 survivors (3072K)
 Metaspace       used 72575K, committed 73216K, reserved 1114112K
  class space    used 8977K, committed 9280K, reserved 1048576K
}
Event: 675.036 GC heap before
{Heap before GC invocations=68 (full 0):
 garbage-first heap   total 78848K, used 66073K [0x00000000c9000000, 0x0000000100000000)
  region size 1024K, 30 young (30720K), 3 survivors (3072K)
 Metaspace       used 72575K, committed 73216K, reserved 1114112K
  class space    used 8977K, committed 9280K, reserved 1048576K
}
Event: 675.043 GC heap after
{Heap after GC invocations=69 (full 0):
 garbage-first heap   total 78848K, used 38391K [0x00000000c9000000, 0x0000000100000000)
  region size 1024K, 2 young (2048K), 2 survivors (2048K)
 Metaspace       used 72575K, committed 73216K, reserved 1114112K
  class space    used 8977K, committed 9280K, reserved 1048576K
}
Event: 676.257 GC heap before
{Heap before GC invocations=70 (full 0):
 garbage-first heap   total 78848K, used 68087K [0x00000000c9000000, 0x0000000100000000)
  region size 1024K, 31 young (31744K), 2 survivors (2048K)
 Metaspace       used 72575K, committed 73216K, reserved 1114112K
  class space    used 8977K, committed 9280K, reserved 1048576K
}
Event: 676.283 GC heap after
{Heap after GC invocations=71 (full 0):
 garbage-first heap   total 78848K, used 38404K [0x00000000c9000000, 0x0000000100000000)
  region size 1024K, 2 young (2048K), 2 survivors (2048K)
 Metaspace       used 72575K, committed 73216K, reserved 1114112K
  class space    used 8977K, committed 9280K, reserved 1048576K
}
Event: 706.393 GC heap before
{Heap before GC invocations=71 (full 0):
 garbage-first heap   total 78848K, used 68100K [0x00000000c9000000, 0x0000000100000000)
  region size 1024K, 31 young (31744K), 2 survivors (2048K)
 Metaspace       used 72575K, committed 73216K, reserved 1114112K
  class space    used 8977K, committed 9280K, reserved 1048576K
}
Event: 706.513 GC heap after
{Heap after GC invocations=72 (full 0):
 garbage-first heap   total 78848K, used 38784K [0x00000000c9000000, 0x0000000100000000)
  region size 1024K, 3 young (3072K), 3 survivors (3072K)
 Metaspace       used 72575K, committed 73216K, reserved 1114112K
  class space    used 8977K, committed 9280K, reserved 1048576K
}
Event: 707.248 GC heap before
{Heap before GC invocations=73 (full 0):
 garbage-first heap   total 104448K, used 66432K [0x00000000c9000000, 0x0000000100000000)
  region size 1024K, 30 young (30720K), 3 survivors (3072K)
 Metaspace       used 72575K, committed 73216K, reserved 1114112K
  class space    used 8978K, committed 9280K, reserved 1048576K
}
Event: 707.262 GC heap after
{Heap after GC invocations=74 (full 0):
 garbage-first heap   total 104448K, used 38512K [0x00000000c9000000, 0x0000000100000000)
  region size 1024K, 2 young (2048K), 2 survivors (2048K)
 Metaspace       used 72575K, committed 73216K, reserved 1114112K
  class space    used 8978K, committed 9280K, reserved 1048576K
}
Event: 709.221 GC heap before
{Heap before GC invocations=74 (full 0):
 garbage-first heap   total 104448K, used 90736K [0x00000000c9000000, 0x0000000100000000)
  region size 1024K, 53 young (54272K), 2 survivors (2048K)
 Metaspace       used 72576K, committed 73216K, reserved 1114112K
  class space    used 8978K, committed 9280K, reserved 1048576K
}
Event: 709.260 GC heap after
{Heap after GC invocations=75 (full 0):
 garbage-first heap   total 257024K, used 38509K [0x00000000c9000000, 0x0000000100000000)
  region size 1024K, 2 young (2048K), 2 survivors (2048K)
 Metaspace       used 72576K, committed 73216K, reserved 1114112K
  class space    used 8978K, committed 9280K, reserved 1048576K
}
Event: 713.825 GC heap before
{Heap before GC invocations=75 (full 0):
 garbage-first heap   total 257024K, used 190061K [0x00000000c9000000, 0x0000000100000000)
  region size 1024K, 150 young (153600K), 2 survivors (2048K)
 Metaspace       used 72577K, committed 73216K, reserved 1114112K
  class space    used 8978K, committed 9280K, reserved 1048576K
}
Event: 713.863 GC heap after
{Heap after GC invocations=76 (full 0):
 garbage-first heap   total 257024K, used 38487K [0x00000000c9000000, 0x0000000100000000)
  region size 1024K, 1 young (1024K), 1 survivors (1024K)
 Metaspace       used 72577K, committed 73216K, reserved 1114112K
  class space    used 8978K, committed 9280K, reserved 1048576K
}
Event: 718.125 GC heap before
{Heap before GC invocations=76 (full 0):
 garbage-first heap   total 257024K, used 191063K [0x00000000c9000000, 0x0000000100000000)
  region size 1024K, 150 young (153600K), 1 survivors (1024K)
 Metaspace       used 72577K, committed 73216K, reserved 1114112K
  class space    used 8978K, committed 9280K, reserved 1048576K
}
Event: 718.134 GC heap after
{Heap after GC invocations=77 (full 0):
 garbage-first heap   total 257024K, used 38512K [0x00000000c9000000, 0x0000000100000000)
  region size 1024K, 1 young (1024K), 1 survivors (1024K)
 Metaspace       used 72577K, committed 73216K, reserved 1114112K
  class space    used 8978K, committed 9280K, reserved 1048576K
}

Deoptimization events (20 events):
Event: 718.633 Thread 0x00000286cd084df0 Uncommon trap: trap_request=0xffffffde fr.pc=0x00000286bc7a2cc4 relative=0x0000000000000444
Event: 718.633 Thread 0x00000286cd084df0 Uncommon trap: reason=class_check action=maybe_recompile pc=0x00000286bc7a2cc4 method=com.fasterxml.jackson.databind.ser.std.CollectionSerializer.serializeContents(Ljava/util/Collection;Lcom/fasterxml/jackson/core/JsonGenerator;Lcom/fasterxml/jackson/data
Event: 718.633 Thread 0x00000286cd084df0 DEOPT PACKING pc=0x00000286bc7a2cc4 sp=0x0000008fafdfcb30
Event: 718.633 Thread 0x00000286cd084df0 DEOPT UNPACKING pc=0x00000286b475d72e sp=0x0000008fafdfcb08 mode 2
Event: 718.750 Thread 0x00000286cd085340 Uncommon trap: trap_request=0xffffffbe fr.pc=0x00000286bcc2a6a0 relative=0x0000000000005c60
Event: 718.750 Thread 0x00000286cd085340 Uncommon trap: reason=profile_predicate action=maybe_recompile pc=0x00000286bcc2a6a0 method=org.springframework.web.servlet.DispatcherServlet.getHandlerAdapter(Ljava/lang/Object;)Lorg/springframework/web/servlet/HandlerAdapter; @ 23 c2
Event: 718.750 Thread 0x00000286cd085340 DEOPT PACKING pc=0x00000286bcc2a6a0 sp=0x0000008fb00fd0b0
Event: 718.750 Thread 0x00000286cd085340 DEOPT UNPACKING pc=0x00000286b475d72e sp=0x0000008fb00fd060 mode 2
Event: 718.779 Thread 0x00000286cd0848a0 Uncommon trap: trap_request=0xffffffbe fr.pc=0x00000286bcc2a6a0 relative=0x0000000000005c60
Event: 718.779 Thread 0x00000286cd0848a0 Uncommon trap: reason=profile_predicate action=maybe_recompile pc=0x00000286bcc2a6a0 method=org.springframework.web.servlet.DispatcherServlet.getHandlerAdapter(Ljava/lang/Object;)Lorg/springframework/web/servlet/HandlerAdapter; @ 23 c2
Event: 718.779 Thread 0x00000286cd0848a0 DEOPT PACKING pc=0x00000286bcc2a6a0 sp=0x0000008fb04fd060
Event: 718.780 Thread 0x00000286cd0848a0 DEOPT UNPACKING pc=0x00000286b475d72e sp=0x0000008fb04fd010 mode 2
Event: 718.790 Thread 0x00000286cd07f8f0 Uncommon trap: trap_request=0xffffffbe fr.pc=0x00000286bcc2a6a0 relative=0x0000000000005c60
Event: 718.790 Thread 0x00000286cd07f8f0 Uncommon trap: reason=profile_predicate action=maybe_recompile pc=0x00000286bcc2a6a0 method=org.springframework.web.servlet.DispatcherServlet.getHandlerAdapter(Ljava/lang/Object;)Lorg/springframework/web/servlet/HandlerAdapter; @ 23 c2
Event: 718.790 Thread 0x00000286cd07f8f0 DEOPT PACKING pc=0x00000286bcc2a6a0 sp=0x0000008fb06fd930
Event: 718.790 Thread 0x00000286cd07f8f0 DEOPT UNPACKING pc=0x00000286b475d72e sp=0x0000008fb06fd8e0 mode 2
Event: 719.817 Thread 0x00000286cd0808e0 Uncommon trap: trap_request=0xffffff45 fr.pc=0x00000286bca8aac8 relative=0x0000000000005668
Event: 719.818 Thread 0x00000286cd0808e0 Uncommon trap: reason=unstable_if action=reinterpret pc=0x00000286bca8aac8 method=org.apache.coyote.http11.Http11Processor.prepareResponse()V @ 512 c2
Event: 719.818 Thread 0x00000286cd0808e0 DEOPT PACKING pc=0x00000286bca8aac8 sp=0x0000008fafefbfe0
Event: 719.818 Thread 0x00000286cd0808e0 DEOPT UNPACKING pc=0x00000286b475d72e sp=0x0000008fafefbfa0 mode 2

Classes unloaded (0 events):
No events

Classes redefined (0 events):
No events

Internal exceptions (20 events):
Event: 267.899 Thread 0x00000286cd07f3a0 Implicit null exception at 0x00000286bc737460 to 0x00000286bc7396db
Event: 354.576 Thread 0x00000286cd084df0 Implicit null exception at 0x00000286bc91ed08 to 0x00000286bc9239a4
Event: 354.576 Thread 0x00000286cd07f8f0 Implicit null exception at 0x00000286bc91ed08 to 0x00000286bc9239a4
Event: 355.964 Thread 0x00000286cd084df0 Exception <a 'java/lang/ClassNotFoundException'{0x00000000cd0b6f78}: java/lang/ObjectCustomizer> (0x00000000cd0b6f78) 
thrown [t:\workspace\open\src\hotspot\share\classfile\systemDictionary.cpp, line 256]
Event: 355.987 Thread 0x00000286cd084df0 Exception <a 'java/lang/ClassNotFoundException'{0x00000000cd0cfdc0}: org/springframework/data/jpa/repository/support/JpaEvaluationContextExtension$JpaRootObjectCustomizer> (0x00000000cd0cfdc0) 
thrown [t:\workspace\open\src\hotspot\share\classfile\systemDictionary.cpp, line 256]
Event: 356.336 Thread 0x00000286cd084df0 Exception <a 'java/lang/NoSuchMethodError'{0x00000000ccfefc68}: 'java.lang.Object java.lang.invoke.DirectMethodHandle$Holder.newInvokeSpecial(java.lang.Object, long)'> (0x00000000ccfefc68) 
thrown [t:\workspace\open\src\hotspot\share\interpreter\linkResolver.cpp, line 790]
Event: 384.756 Thread 0x00000286cd080390 Implicit null exception at 0x00000286bc90fc24 to 0x00000286bc910548
Event: 384.895 Thread 0x00000286cd07f8f0 Implicit null exception at 0x00000286bc946743 to 0x00000286bc94d08c
Event: 443.321 Thread 0x00000286cd07ee50 Implicit null exception at 0x00000286bc9f9495 to 0x00000286bc9fa74c
Event: 443.352 Thread 0x00000286cd0828c0 Exception <a 'java/io/IOException'{0x00000000cbf42568}> (0x00000000cbf42568) 
thrown [t:\workspace\open\src\hotspot\share\prims\jni.cpp, line 579]
Event: 443.355 Thread 0x00000286cd0828c0 Exception <a 'java/io/IOException'{0x00000000cbf43b20}> (0x00000000cbf43b20) 
thrown [t:\workspace\open\src\hotspot\share\prims\jni.cpp, line 579]
Event: 443.363 Thread 0x00000286cd0828c0 Exception <a 'java/io/IOException'{0x00000000cbf47a40}> (0x00000000cbf47a40) 
thrown [t:\workspace\open\src\hotspot\share\prims\jni.cpp, line 579]
Event: 443.525 Thread 0x00000286cd07f8f0 Implicit null exception at 0x00000286bc9fd5e0 to 0x00000286bc9fd9fc
Event: 443.639 Thread 0x00000286cd084df0 Implicit null exception at 0x00000286bc97ddc5 to 0x00000286bc97de99
Event: 677.284 Thread 0x00000286cd07f3a0 Implicit null exception at 0x00000286bcb929a4 to 0x00000286bcb92c48
Event: 714.094 Thread 0x00000286cd085340 Implicit null exception at 0x00000286bcbf36c4 to 0x00000286bcbf4154
Event: 714.103 Thread 0x00000286cd085340 Implicit null exception at 0x00000286bcbf36c4 to 0x00000286bcbf4154
Event: 714.103 Thread 0x00000286cd0828c0 Implicit null exception at 0x00000286bcbf36c4 to 0x00000286bcbf4154
Event: 714.111 Thread 0x00000286cd0828c0 Implicit null exception at 0x00000286bcbf36c4 to 0x00000286bcbf4154
Event: 714.111 Thread 0x00000286cd0848a0 Implicit null exception at 0x00000286bcbf36c4 to 0x00000286bcbf4154

Events (20 events):
Event: 711.287 Executing  VM operation: Cleanup
Event: 711.287 Executing  VM operation: Cleanup done
Event: 712.292 Executing  VM operation: Cleanup
Event: 712.311 Executing  VM operation: Cleanup done
Event: 713.321 Executing  VM operation: Cleanup
Event: 713.323 Executing  VM operation: Cleanup done
Event: 713.817 Executing  VM operation: G1CollectForAllocation
Event: 713.863 Executing  VM operation: G1CollectForAllocation done
Event: 715.881 Executing  VM operation: Cleanup
Event: 715.882 Executing  VM operation: Cleanup done
Event: 716.896 Executing  VM operation: Cleanup
Event: 716.899 Executing  VM operation: Cleanup done
Event: 717.915 Executing  VM operation: Cleanup
Event: 717.915 Executing  VM operation: Cleanup done
Event: 718.125 Executing  VM operation: G1CollectForAllocation
Event: 718.134 Executing  VM operation: G1CollectForAllocation done
Event: 719.147 Executing  VM operation: Cleanup
Event: 719.147 Executing  VM operation: Cleanup done
Event: 720.148 Executing  VM operation: Cleanup
Event: 720.148 Executing  VM operation: Cleanup done


Dynamic libraries:
0x00007ff629080000 - 0x00007ff629090000 	D:\JDK 16 devoplemt Kit\bin\javaw.exe
0x00007fffe6a70000 - 0x00007fffe6c65000 	C:\Windows\SYSTEM32\ntdll.dll
0x00007fffe64e0000 - 0x00007fffe659d000 	C:\Windows\System32\KERNEL32.DLL
0x00007fffe4530000 - 0x00007fffe47f8000 	C:\Windows\System32\KERNELBASE.dll
0x00007fffe4800000 - 0x00007fffe4900000 	C:\Windows\System32\ucrtbase.dll
0x00007fffd9f50000 - 0x00007fffd9f69000 	D:\JDK 16 devoplemt Kit\bin\VCRUNTIME140.dll
0x00007fffdcba0000 - 0x00007fffdcbb8000 	D:\JDK 16 devoplemt Kit\bin\jli.dll
0x00007fffe60d0000 - 0x00007fffe617c000 	C:\Windows\System32\ADVAPI32.dll
0x00007fffe53e0000 - 0x00007fffe547e000 	C:\Windows\System32\msvcrt.dll
0x00007fffe65a0000 - 0x00007fffe663b000 	C:\Windows\System32\sechost.dll
0x00007fffe5860000 - 0x00007fffe598b000 	C:\Windows\System32\RPCRT4.dll
0x00007fffe6340000 - 0x00007fffe64e0000 	C:\Windows\System32\USER32.dll
0x00007fffe41b0000 - 0x00007fffe41d2000 	C:\Windows\System32\win32u.dll
0x00007fffcb830000 - 0x00007fffcbaca000 	C:\Windows\WinSxS\amd64_microsoft.windows.common-controls_6595b64144ccf1df_6.0.19041.1052_none_60b8f8fd71f5e8cb\COMCTL32.dll
0x00007fffe52b0000 - 0x00007fffe52da000 	C:\Windows\System32\GDI32.dll
0x00007fffe41e0000 - 0x00007fffe42eb000 	C:\Windows\System32\gdi32full.dll
0x00007fffe4a40000 - 0x00007fffe4add000 	C:\Windows\System32\msvcp_win.dll
0x00007fffda440000 - 0x00007fffda44a000 	C:\Windows\SYSTEM32\VERSION.dll
0x00007fffe69a0000 - 0x00007fffe69d0000 	C:\Windows\System32\IMM32.DLL
0x00007fffddfe0000 - 0x00007fffddfec000 	D:\JDK 16 devoplemt Kit\bin\vcruntime140_1.dll
0x00007fffbbec0000 - 0x00007fffbbf51000 	D:\JDK 16 devoplemt Kit\bin\msvcp140.dll
0x00007fffa5ec0000 - 0x00007fffa6a6b000 	D:\JDK 16 devoplemt Kit\bin\server\jvm.dll
0x00007fffe66f0000 - 0x00007fffe66f8000 	C:\Windows\System32\PSAPI.DLL
0x00007fffcf470000 - 0x00007fffcf497000 	C:\Windows\SYSTEM32\WINMM.dll
0x00007fffc92c0000 - 0x00007fffc92c9000 	C:\Windows\SYSTEM32\WSOCK32.dll
0x00007fffe6700000 - 0x00007fffe676b000 	C:\Windows\System32\WS2_32.dll
0x00007fffe2ad0000 - 0x00007fffe2ae2000 	C:\Windows\SYSTEM32\kernel.appcore.dll
0x00007fffddf40000 - 0x00007fffddf4a000 	D:\JDK 16 devoplemt Kit\bin\jimage.dll
0x00007fffe1fe0000 - 0x00007fffe21c4000 	C:\Windows\SYSTEM32\DBGHELP.DLL
0x00007fffdc520000 - 0x00007fffdc54c000 	C:\Windows\SYSTEM32\dbgcore.DLL
0x00007fffe4950000 - 0x00007fffe49d3000 	C:\Windows\System32\bcryptPrimitives.dll
0x00007fffca940000 - 0x00007fffca965000 	D:\JDK 16 devoplemt Kit\bin\java.dll
0x00007fffe5990000 - 0x00007fffe60cf000 	C:\Windows\System32\SHELL32.dll
0x00007fffe22e0000 - 0x00007fffe2a70000 	C:\Windows\SYSTEM32\windows.storage.dll
0x00007fffe4f50000 - 0x00007fffe52a5000 	C:\Windows\System32\combase.dll
0x00007fffe3b50000 - 0x00007fffe3b7c000 	C:\Windows\SYSTEM32\Wldp.dll
0x00007fffe6640000 - 0x00007fffe66ee000 	C:\Windows\System32\SHCORE.dll
0x00007fffe5550000 - 0x00007fffe55a5000 	C:\Windows\System32\shlwapi.dll
0x00007fffe40f0000 - 0x00007fffe410f000 	C:\Windows\SYSTEM32\profapi.dll
0x00007fffc2650000 - 0x00007fffc2669000 	D:\JDK 16 devoplemt Kit\bin\net.dll
0x00007fffdf050000 - 0x00007fffdf15b000 	C:\Windows\SYSTEM32\WINHTTP.dll
0x00007fffe38c0000 - 0x00007fffe392a000 	C:\Windows\system32\mswsock.dll
0x00007fffbf8c0000 - 0x00007fffbf8d3000 	D:\JDK 16 devoplemt Kit\bin\nio.dll
0x00007fffc92a0000 - 0x00007fffc92b8000 	D:\JDK 16 devoplemt Kit\bin\zip.dll
0x00007fffdd940000 - 0x00007fffdd950000 	D:\JDK 16 devoplemt Kit\bin\verify.dll
0x00007fffdc6b0000 - 0x00007fffdc6b9000 	D:\JDK 16 devoplemt Kit\bin\management.dll
0x00007fffdaf30000 - 0x00007fffdaf3b000 	D:\JDK 16 devoplemt Kit\bin\management_ext.dll
0x00007fffbde20000 - 0x00007fffbde37000 	C:\Windows\system32\napinsp.dll
0x00007fffbd5b0000 - 0x00007fffbd5cb000 	C:\Windows\system32\pnrpnsp.dll
0x00007fffb97a0000 - 0x00007fffb97b5000 	C:\Windows\system32\wshbth.dll
0x00007fffdd5c0000 - 0x00007fffdd5dd000 	C:\Windows\system32\NLAapi.dll
0x00007fffe35b0000 - 0x00007fffe35eb000 	C:\Windows\SYSTEM32\IPHLPAPI.DLL
0x00007fffe35f0000 - 0x00007fffe36bc000 	C:\Windows\SYSTEM32\DNSAPI.dll
0x00007fffe6860000 - 0x00007fffe6868000 	C:\Windows\System32\NSI.dll
0x00007fffbbea0000 - 0x00007fffbbeb2000 	C:\Windows\System32\winrnr.dll
0x00007fffda670000 - 0x00007fffda67a000 	C:\Windows\System32\rasadhlp.dll
0x00007fffdaa70000 - 0x00007fffdaaef000 	C:\Windows\System32\fwpuclnt.dll
0x00007fffe43a0000 - 0x00007fffe43c7000 	C:\Windows\System32\bcrypt.dll
0x00007fffe3aa0000 - 0x00007fffe3ab8000 	C:\Windows\SYSTEM32\CRYPTSP.dll
0x00007fffe3260000 - 0x00007fffe3294000 	C:\Windows\system32\rsaenh.dll
0x00007fffe40b0000 - 0x00007fffe40de000 	C:\Windows\SYSTEM32\USERENV.dll
0x00007fffe3a90000 - 0x00007fffe3a9c000 	C:\Windows\SYSTEM32\CRYPTBASE.dll
0x00007fffdaec0000 - 0x00007fffdaed7000 	C:\Windows\SYSTEM32\dhcpcsvc6.DLL
0x00007fffdc550000 - 0x00007fffdc56d000 	C:\Windows\SYSTEM32\dhcpcsvc.DLL
0x00007fffdcd00000 - 0x00007fffdcd0e000 	D:\JDK 16 devoplemt Kit\bin\sunmscapi.dll
0x00007fffe43d0000 - 0x00007fffe452f000 	C:\Windows\System32\CRYPT32.dll
0x00007fffe3bc0000 - 0x00007fffe3be7000 	C:\Windows\SYSTEM32\ncrypt.dll
0x00007fffe3b80000 - 0x00007fffe3bbb000 	C:\Windows\SYSTEM32\NTASN1.dll
0x00007fffde040000 - 0x00007fffde047000 	C:\Windows\system32\wshunix.dll

dbghelp: loaded successfully - version: 4.0.5 - missing functions: none
symbol engine: initialized successfully - sym options: 0x614 - pdb path: .;D:\JDK 16 devoplemt Kit\bin;C:\Windows\SYSTEM32;C:\Windows\WinSxS\amd64_microsoft.windows.common-controls_6595b64144ccf1df_6.0.19041.1052_none_60b8f8fd71f5e8cb;D:\JDK 16 devoplemt Kit\bin\server

VM Arguments:
jvm_args: -Dfile.encoding=UTF-8 -XX:+ShowCodeDetailsInExceptionMessages 
java_command: hrms.javaBackend.JavaBackendApplication
java_class_path (initial): E:\Serhat\YAZILIM\JAVA\git\repository\javaBackend\target\classes;C:\Users\Lenova\Desktop\dc\activation.jar;C:\Users\Lenova\Desktop\dc\axis-1.4.jar;C:\Users\Lenova\Desktop\dc\axis-ant.jar;C:\Users\Lenova\Desktop\dc\commons-discovery-0.2.jar;C:\Users\Lenova\Desktop\dc\javax.mail.jar;C:\Users\Lenova\Desktop\dc\javax.wsdl_1.6.2.v201012040545.jar;C:\Users\Lenova\Desktop\dc\jaxrpc.jar;C:\Users\Lenova\Desktop\dc\saaj.jar;C:\Users\Lenova\.m2\repository\org\springframework\boot\spring-boot-starter-data-jpa\2.4.5\spring-boot-starter-data-jpa-2.4.5.jar;C:\Users\Lenova\.m2\repository\org\springframework\boot\spring-boot-starter-aop\2.4.5\spring-boot-starter-aop-2.4.5.jar;C:\Users\Lenova\.m2\repository\org\springframework\spring-aop\5.3.6\spring-aop-5.3.6.jar;C:\Users\Lenova\.m2\repository\org\aspectj\aspectjweaver\1.9.6\aspectjweaver-1.9.6.jar;C:\Users\Lenova\.m2\repository\org\springframework\boot\spring-boot-starter-jdbc\2.4.5\spring-boot-starter-jdbc-2.4.5.jar;C:\Users\Lenova\.m2\repository\com\zaxxer\HikariCP\3.4.5\HikariCP-3.4.5.jar;C:\Users\Lenova\.m2\repository\org\springframework\spring-jdbc\5.3.6\spring-jdbc-5.3.6.jar;C:\Users\Lenova\.m2\repository\jakarta\transaction\jakarta.transaction-api\1.3.3\jakarta.transaction-api-1.3.3.jar;C:\Users\Lenova\.m2\repository\jakarta\persistence\jakarta.persistence-api\2.2.3\jakarta.persistence-api-2.2.3.jar;C:\Users\Lenova\.m2\repository\org\hibernate\hibernate-core\5.4.30.Final\hibernate-core-5.4.30.Final.jar;C:\Users\Lenova\.m2\repository\org\jboss\logging\jboss-logging\3.4.1.Final\jboss-logging-3.4.1.Final.jar;C:\Users\Lenova\.m2\repository\org\javassist\javassist\3.27.0-GA\javassist-3.27.0-GA.jar;C:\Users\Lenova\.m2\repository\net\bytebuddy\byte-buddy\1.10.22\byte-buddy-1.10.22.jar;C:\Users\Lenova\.m2\repository\antlr\antlr\2.7.7\antlr-2.7.7.jar;C:\Users\Lenova\.m2\repository\org\jboss\jandex\2.2.3.Final\jandex-2.2.3.Final.jar;C:\Users\Lenova\.m2\repository\org\dom4j\dom4j\2.1.3\dom4j-2.1.3.jar;C:\Us
Launcher Type: SUN_STANDARD

[Global flags]
     intx CICompilerCount                          = 4                                         {product} {ergonomic}
     uint ConcGCThreads                            = 2                                         {product} {ergonomic}
     uint G1ConcRefinementThreads                  = 8                                         {product} {ergonomic}
   size_t G1HeapRegionSize                         = 1048576                                   {product} {ergonomic}
    uintx GCDrainStackTargetSize                   = 64                                        {product} {ergonomic}
   size_t InitialHeapSize                          = 58720256                                  {product} {ergonomic}
   size_t MarkStackSize                            = 4194304                                   {product} {ergonomic}
   size_t MaxHeapSize                              = 922746880                                 {product} {ergonomic}
   size_t MaxNewSize                               = 553648128                                 {product} {ergonomic}
   size_t MinHeapDeltaBytes                        = 1048576                                   {product} {ergonomic}
   size_t MinHeapSize                              = 8388608                                   {product} {ergonomic}
    uintx NonNMethodCodeHeapSize                   = 5839372                                {pd product} {ergonomic}
    uintx NonProfiledCodeHeapSize                  = 122909434                              {pd product} {ergonomic}
    uintx ProfiledCodeHeapSize                     = 122909434                              {pd product} {ergonomic}
    uintx ReservedCodeCacheSize                    = 251658240                              {pd product} {ergonomic}
     bool SegmentedCodeCache                       = true                                      {product} {ergonomic}
     bool ShowCodeDetailsInExceptionMessages       = true                                   {manageable} {command line}
   size_t SoftMaxHeapSize                          = 922746880                              {manageable} {ergonomic}
     bool UseCompressedClassPointers               = true                           {product lp64_product} {ergonomic}
     bool UseCompressedOops                        = true                           {product lp64_product} {ergonomic}
     bool UseG1GC                                  = true                                      {product} {ergonomic}
     bool UseLargePagesIndividualAllocation        = false                                  {pd product} {ergonomic}

Logging:
Log output configuration:
 #0: stdout all=warning uptime,level,tags
 #1: stderr all=off uptime,level,tags

Environment Variables:
PATH=C:\Program Files\Common Files\Oracle\Java\javapath;C:\Windows\system32;C:\Windows;C:\Windows\System32\Wbem;C:\Windows\System32\WindowsPowerShell\v1.0\;C:\Windows\System32\OpenSSH\;C:\Program Files\Microsoft SQL Server\Client SDK\ODBC\170\Tools\Binn\;C:\Program Files\nodejs\;D:\Git\Git\cmd;C:\Program Files (x86)\Microsoft SQL Server\150\Tools\Binn\;C:\Program Files\Microsoft SQL Server\150\Tools\Binn\;C:\Program Files\Microsoft SQL Server\150\DTS\Binn\;C:\Program Files\Microsoft SQL Server\Client SDK\ODBC\130\Tools\Binn\;C:\Program Files (x86)\Microsoft SQL Server\140\Tools\Binn\;C:\Program Files\Microsoft SQL Server\140\Tools\Binn\;C:\Program Files\Microsoft SQL Server\140\DTS\Binn\;C:\Program Files (x86)\Microsoft SQL Server\150\DTS\Binn\;C:\Program Files\dotnet\;C:\Program Files\Microsoft SQL Server\130\Tools\Binn\;C:\Program Files\Redis\;C:\Users\Lenova\AppData\Local\Microsoft\WindowsApps;C:\Users\Lenova\AppData\Roaming\npm;C:\Users\Lenova\AppData\Local\GitHubDesktop\bin;C:\Program Files\Azure Data Studio\bin;D:\Microsoft VS Code\Microsoft VS Code\bin;C:\Users\Lenova\.dotnet\tools
USERNAME=Lenova
OS=Windows_NT
PROCESSOR_IDENTIFIER=Intel64 Family 6 Model 142 Stepping 10, GenuineIntel



---------------  S Y S T E M  ---------------

OS:
 Windows 10 , 64 bit Build 19041 (10.0.19041.1023)
OS uptime: 5 days 18:14 hours

CPU: total 8 (initial active 8) (4 cores per cpu, 2 threads per core) family 6 model 142 stepping 10 microcode 0xe0, cx8, cmov, fxsr, ht, mmx, 3dnowpref, sse, sse2, sse3, ssse3, sse4.1, sse4.2, popcnt, lzcnt, tsc, tscinvbit, avx, avx2, aes, erms, clmul, bmi1, bmi2, adx, fma, vzeroupper, clflush, clflushopt

Memory: 4k page, system-wide physical 3519M (144M free)
TotalPageFile size 14271M (AvailPageFile size 5M)
current process WorkingSet (physical memory assigned to process): 280M, peak: 283M
current process commit charge ("private bytes"): 520M, peak: 523M

vm_info: Java HotSpot(TM) 64-Bit Server VM (16.0.1+9-24) for windows-amd64 JRE (16.0.1+9-24), built on Mar 26 2021 19:31:42 by "mach5one" with MS VC++ 16.7 (VS2019)

END.
